[2024-05-22 10:09:42] local.INFO: array (
  'event' => 'subscription-stopped',
  'type' => 'subscription',
  'data' => 
  array (
    'coupon' => false,
    'membership' => 
    array (
      'id' => 300,
      'title' => 'Basic Reviews Package',
      'content' => '<ul class="pricing-info-list ul-li-block text-start">
 	<li><i class="far fa-check"></i> FREE reputation management training</li>
 	<li><i class="far fa-check"></i> Take control of your brand’s online reputation</li>
 	<li><i class="far fa-check"></i> Get one month free (limited to first 50 fwdReviews customers!)</li>
 	<li><i class="far fa-check"></i> not getting reports access</li>
 	<li><i class="far fa-check"></i> Can setup the email campaigns by themselves</li>
</ul>',
      'excerpt' => NULL,
      'date' => '2024-05-06 11:09:15',
      'status' => 'publish',
      'author' => '1',
      'date_gmt' => '2024-05-06 11:09:15',
      'modified' => '2024-05-17 14:48:57',
      'modified_gmt' => '2024-05-17 14:48:57',
      'group' => '0',
      'price' => '0.01',
      'period' => '1',
      'period_type' => 'months',
      'signup_button_text' => 'Sign Up',
      'limit_cycles' => false,
      'limit_cycles_num' => '2',
      'limit_cycles_action' => 'expire',
      'limit_cycles_expires_after' => '1',
      'limit_cycles_expires_type' => 'days',
      'trial' => false,
      'trial_days' => '1',
      'trial_amount' => '0',
      'trial_once' => '1',
      'group_order' => '0',
      'is_highlighted' => false,
      'plan_code' => NULL,
      'pricing_title' => 'Basic Reviews Package',
      'pricing_show_price' => true,
      'pricing_display' => 'auto',
      'custom_price' => NULL,
      'pricing_heading_txt' => NULL,
      'pricing_footer_txt' => NULL,
      'pricing_button_txt' => 'Sign Up',
      'pricing_button_position' => 'footer',
      'pricing_benefits' => 
      array (
        0 => NULL,
      ),
      'register_price_action' => 'default',
      'register_price' => NULL,
      'thank_you_page_enabled' => false,
      'thank_you_page_type' => 'message',
      'thank_you_message' => NULL,
      'thank_you_page_id' => '0',
      'custom_login_urls_enabled' => false,
      'custom_login_urls_default' => NULL,
      'custom_login_urls' => 
      array (
      ),
      'expire_type' => 'none',
      'expire_after' => '1',
      'expire_unit' => 'days',
      'expire_fixed' => '2024-05-17',
      'tax_exempt' => false,
      'tax_class' => 'standard',
      'allow_renewal' => false,
      'access_url' => NULL,
      'disable_address_fields' => false,
      'simultaneous_subscriptions' => '1',
      'use_custom_template' => false,
      'custom_template' => 'template-parts/inner-page.php',
      'customize_payment_methods' => false,
      'custom_payment_methods' => 
      array (
      ),
      'customize_profile_fields' => '1',
      'custom_profile_fields' => 
      array (
        0 => 'mepr_business_name',
      ),
      'cannot_purchase_message' => 'You don\'t have access to purchase this item.',
    ),
    'member' => 
    array (
      'id' => 92,
      'email' => 'sumit@gocinico.com',
      'username' => 'sumit@gocinico.com',
      'nicename' => 'sumitgocinico-com',
      'url' => NULL,
      'message' => NULL,
      'registered_at' => '2024-05-22 07:33:14',
      'first_name' => 'sumit',
      'last_name' => 'patel',
      'display_name' => 'sumit patel',
    ),
    'id' => '128',
    'subscr_id' => '64938979',
    'gateway' => 'sd1xcq-1x3',
    'price' => '0.50',
    'period' => '1',
    'period_type' => 'months',
    'limit_cycles' => '0',
    'limit_cycles_num' => '2',
    'limit_cycles_action' => 'expire',
    'limit_cycles_expires_after' => '1',
    'limit_cycles_expires_type' => 'days',
    'prorated_trial' => '0',
    'trial' => '0',
    'trial_days' => '0',
    'trial_amount' => '0.00',
    'trial_tax_amount' => '0.00',
    'trial_tax_reversal_amount' => '0.00',
    'trial_total' => '0.00',
    'status' => 'cancelled',
    'created_at' => '2024-05-22 09:41:58',
    'total' => '0.50',
    'tax_rate' => '0.000',
    'tax_amount' => '0.00',
    'tax_reversal_amount' => '0.00',
    'tax_desc' => NULL,
    'tax_class' => 'standard',
    'cc_last4' => NULL,
    'cc_exp_month' => NULL,
    'cc_exp_year' => NULL,
    'token' => NULL,
    'order_id' => '0',
    'tax_compound' => '0',
    'tax_shipping' => '1',
    'response' => NULL,
  ),
)  
[2024-05-22 10:10:42] local.INFO: array (
  'event' => 'subscription-created',
  'type' => 'subscription',
  'data' => 
  array (
    'coupon' => false,
    'membership' => 
    array (
      'id' => 300,
      'title' => 'Basic Reviews Package',
      'content' => '<ul class="pricing-info-list ul-li-block text-start">
 	<li><i class="far fa-check"></i> FREE reputation management training</li>
 	<li><i class="far fa-check"></i> Take control of your brand’s online reputation</li>
 	<li><i class="far fa-check"></i> Get one month free (limited to first 50 fwdReviews customers!)</li>
 	<li><i class="far fa-check"></i> not getting reports access</li>
 	<li><i class="far fa-check"></i> Can setup the email campaigns by themselves</li>
</ul>',
      'excerpt' => NULL,
      'date' => '2024-05-06 11:09:15',
      'status' => 'publish',
      'author' => '1',
      'date_gmt' => '2024-05-06 11:09:15',
      'modified' => '2024-05-17 14:48:57',
      'modified_gmt' => '2024-05-17 14:48:57',
      'group' => '0',
      'price' => '0.01',
      'period' => '1',
      'period_type' => 'months',
      'signup_button_text' => 'Sign Up',
      'limit_cycles' => false,
      'limit_cycles_num' => '2',
      'limit_cycles_action' => 'expire',
      'limit_cycles_expires_after' => '1',
      'limit_cycles_expires_type' => 'days',
      'trial' => false,
      'trial_days' => '1',
      'trial_amount' => '0',
      'trial_once' => '1',
      'group_order' => '0',
      'is_highlighted' => false,
      'plan_code' => NULL,
      'pricing_title' => 'Basic Reviews Package',
      'pricing_show_price' => true,
      'pricing_display' => 'auto',
      'custom_price' => NULL,
      'pricing_heading_txt' => NULL,
      'pricing_footer_txt' => NULL,
      'pricing_button_txt' => 'Sign Up',
      'pricing_button_position' => 'footer',
      'pricing_benefits' => 
      array (
        0 => NULL,
      ),
      'register_price_action' => 'default',
      'register_price' => NULL,
      'thank_you_page_enabled' => false,
      'thank_you_page_type' => 'message',
      'thank_you_message' => NULL,
      'thank_you_page_id' => '0',
      'custom_login_urls_enabled' => false,
      'custom_login_urls_default' => NULL,
      'custom_login_urls' => 
      array (
      ),
      'expire_type' => 'none',
      'expire_after' => '1',
      'expire_unit' => 'days',
      'expire_fixed' => '2024-05-17',
      'tax_exempt' => false,
      'tax_class' => 'standard',
      'allow_renewal' => false,
      'access_url' => NULL,
      'disable_address_fields' => false,
      'simultaneous_subscriptions' => '1',
      'use_custom_template' => false,
      'custom_template' => 'template-parts/inner-page.php',
      'customize_payment_methods' => false,
      'custom_payment_methods' => 
      array (
      ),
      'customize_profile_fields' => '1',
      'custom_profile_fields' => 
      array (
        0 => 'mepr_business_name',
      ),
      'cannot_purchase_message' => 'You don\'t have access to purchase this item.',
    ),
    'member' => 
    array (
      'id' => 92,
      'email' => 'sumit@gocinico.com',
      'username' => 'sumit@gocinico.com',
      'nicename' => 'sumitgocinico-com',
      'url' => NULL,
      'message' => NULL,
      'registered_at' => '2024-05-22 07:33:14',
      'first_name' => 'sumit',
      'last_name' => 'patel',
      'display_name' => 'sumit patel',
    ),
    'id' => '129',
    'subscr_id' => '64939019',
    'gateway' => 'sd1xcq-1x3',
    'price' => '0.50',
    'period' => '1',
    'period_type' => 'months',
    'limit_cycles' => '0',
    'limit_cycles_num' => '2',
    'limit_cycles_action' => 'expire',
    'limit_cycles_expires_after' => '1',
    'limit_cycles_expires_type' => 'days',
    'prorated_trial' => '0',
    'trial' => '0',
    'trial_days' => '0',
    'trial_amount' => '0.00',
    'trial_tax_amount' => '0.00',
    'trial_tax_reversal_amount' => '0.00',
    'trial_total' => '0.00',
    'status' => 'active',
    'created_at' => '2024-05-22 10:09:58',
    'total' => '0.50',
    'tax_rate' => '0.000',
    'tax_amount' => '0.00',
    'tax_reversal_amount' => '0.00',
    'tax_desc' => NULL,
    'tax_class' => 'standard',
    'cc_last4' => NULL,
    'cc_exp_month' => NULL,
    'cc_exp_year' => NULL,
    'token' => NULL,
    'order_id' => '0',
    'tax_compound' => '0',
    'tax_shipping' => '1',
    'response' => NULL,
  ),
)  
